Spawning worker threads...
Finished running worker threads.
Finished running. 14929 short tasks, 15071 long tasks ran.
== Short task stats ==
0 percentile: 91.981
25 percentile: 1194609.075
50 percentile: 2311900.471
75 percentile: 3465439.920
90 percentile: 4179411.961
99 percentile: 4574856.620
99.9 percentile: 4624225.598
100 percentile: 4627037.868
== Long task stats ==
0 percentile: 1090.235
25 percentile: 1167267.420
50 percentile: 2316914.836
75 percentile: 3472723.524
90 percentile: 4170910.713
99 percentile: 4580915.777
99.9 percentile: 4624508.241
100 percentile: 4628637.287
<csv>
num_short, num_long, short_0_pct, short_25_pct, short_50_pct, short_75_pct, short_90_pct, short_99_pct, short_99.9_pct, short_100_pct, long_0_pct, long_25_pct, long_50_pct, long_75_pct, long_90_pct, long_99_pct, long_99.9_pct, long_100_pct
14929, 15071, 91.981000, 1194609.075000, 2311900.471000, 3465439.920000, 4179411.960800, 4574856.620360, 4624225.597776, 4627037.868000, 1090.235000, 1167267.420000, 2316914.836000, 3472723.524000, 4170910.713000, 4580915.777500, 4624508.241040, 4628637.287000
</csv>
