Spawning worker threads...
Finished running worker threads.
Finished running. 20943 short tasks, 9057 long tasks ran.
== Short task stats ==
0 percentile: 10.909
25 percentile: 413621.711
50 percentile: 834104.208
75 percentile: 1228273.487
90 percentile: 1475835.723
99 percentile: 1599650.794
99.9 percentile: 1613755.997
100 percentile: 1616340.134
== Long task stats ==
0 percentile: 1009.087
25 percentile: 410633.304
50 percentile: 821228.122
75 percentile: 1222679.654
90 percentile: 1467999.345
99 percentile: 1600864.562
99.9 percentile: 1615287.892
100 percentile: 1617427.286
<csv>
num_short, num_long, short_0_pct, short_25_pct, short_50_pct, short_75_pct, short_90_pct, short_99_pct, short_99.9_pct, short_100_pct, long_0_pct, long_25_pct, long_50_pct, long_75_pct, long_90_pct, long_99_pct, long_99.9_pct, long_100_pct
20943, 9057, 10.909000, 413621.710500, 834104.208000, 1228273.487000, 1475835.723200, 1599650.793600, 1613755.997138, 1616340.134000, 1009.087000, 410633.304000, 821228.122000, 1222679.654000, 1467999.345200, 1600864.562240, 1615287.891608, 1617427.286000
</csv>
