
0.0

gtid median=4213328557639555 mean=4213328557639555 stdev=1829697947038.637
created_at_us median=1702078216181352 mean=1702078216181350.2 stdev=100.2692528989973
block_time_us median=1159 mean=1922.148148148148 stdev=1877.00732967922
runnable_time_us median=1284 mean=2434.1111111111113 stdev=2363.0662989711764
queued_time_us median=162 mean=301.1111111111111 stdev=325.69787006381017
on_cpu_time_us median=117476 mean=228726.25925925927 stdev=195455.77115504883
yielding_time_us median=0 mean=0.4074074074074074 stdev=2.116950987028628
died_at_us median=0 mean=189119802031314.03 stdev=545101285450641.94
preempt_count median=1 mean=0.6666666666666666 stdev=0.7337993857053428
0.1

gtid median=3412884092618263.0 mean=3412884092618263 stdev=1847549081439.1814
created_at_us median=1702077691870970.0 mean=1702077691870969 stdev=110.48449452032519
block_time_us median=1041.5 mean=1077.888888888889 stdev=603.1836018297745
runnable_time_us median=1084.0 mean=1125.2777777777778 stdev=609.7797872091932
queued_time_us median=114.0 mean=120.55555555555556 stdev=66.61851202023992
on_cpu_time_us median=352412.5 mean=347794.3333333333 stdev=129970.10934645477
yielding_time_us median=0.0 mean=0 stdev=0.0
died_at_us median=0.0 mean=283679615661948.25 stdev=652716999787177.4
preempt_count median=0.5 mean=1 stdev=1.3719886811400708
0.2

gtid median=3489849906562618.0 mean=3489849906562618 stdev=1834112182518.059
created_at_us median=1702077719794900.0 mean=1702077719794889 stdev=90.0125595101329
block_time_us median=221.5 mean=319.2083333333333 stdev=279.37398639702
runnable_time_us median=250.5 mean=341.6666666666667 stdev=292.37523041858185
queued_time_us median=25.5 mean=36.083333333333336 stdev=33.058468186541546
on_cpu_time_us median=242654.5 mean=261872.875 stdev=210820.16244870113
yielding_time_us median=0.0 mean=0 stdev=0.0
died_at_us median=0.0 mean=212759715236933.03 stdev=575016256853504.0
preempt_count median=0.0 mean=0.9583333333333334 stdev=1.4288690166235205
0.3

gtid median=3571213767018079 mean=3571213767018079 stdev=1839834855340.0222
created_at_us median=1702077738995633 mean=1702077738995637 stdev=89.56952606774249
block_time_us median=2 mean=24.285714285714285 stdev=59.01113696340959
runnable_time_us median=24 mean=46.285714285714285 stdev=68.44570319394991
queued_time_us median=1 mean=3.3333333333333335 stdev=7.44535649471087
on_cpu_time_us median=251944 mean=300009.7619047619 stdev=267878.7621518184
yielding_time_us median=0 mean=0 stdev=0.0
died_at_us median=0 mean=243153963013747.8 stdev=610311603440843.6
preempt_count median=1 mean=1 stdev=1.2649110640673518
0.4

gtid median=3648179580962434 mean=3648179580962434 stdev=1829697947038.637
created_at_us median=1702077769080499 mean=1702077769080518.8 stdev=93.84971619972663
block_time_us median=0 mean=9.814814814814815 stdev=26.223942432349045
runnable_time_us median=16 mean=19.074074074074073 stdev=16.155318071591843
queued_time_us median=0 mean=0.6666666666666666 stdev=0.8770580193070292
on_cpu_time_us median=243938 mean=300272.0740740741 stdev=240703.67289740717
yielding_time_us median=0 mean=0.37037037037037035 stdev=1.73533743444784
died_at_us median=0 mean=189119752420361.38 stdev=545101142456657.25
preempt_count median=1 mean=1 stdev=0.8770580193070292
0.5

gtid median=3725145394906789.0 mean=3725145394906789 stdev=1826189414669.3235
created_at_us median=1702077792831607.0 mean=1702077792831607 stdev=78.06275106251557
block_time_us median=0.0 mean=59.46666666666667 stdev=200.51016542006445
runnable_time_us median=12.5 mean=76.53333333333333 stdev=210.18427601763523
queued_time_us median=0.5 mean=7.5 stdev=24.472010754019124
on_cpu_time_us median=287799.5 mean=340315.8 stdev=281817.21997574094
yielding_time_us median=0.0 mean=0.03333333333333333 stdev=0.18257418583505536
died_at_us median=0.0 mean=170207779623621.47 stdev=519352575278002.0
preempt_count median=1.0 mean=0.9666666666666667 stdev=0.9994251221140299
0.6

gtid median=3802111208851144 mean=3802111208851144 stdev=1823333760983.7793
created_at_us median=1702077826353487 mean=1702077826353476.8 stdev=90.26892691655677
block_time_us median=0 mean=7.696969696969697 stdev=23.26274495906068
runnable_time_us median=13 mean=22.90909090909091 stdev=28.16287853314585
queued_time_us median=0 mean=1.7878787878787878 stdev=4.2848393767851425
on_cpu_time_us median=291905 mean=372982.63636363635 stdev=428457.32388534176
yielding_time_us median=0 mean=0.030303030303030304 stdev=0.17407765595569785
died_at_us median=0 mean=154734348223332.4 stdev=496899672709216.0
preempt_count median=1 mean=0.9393939393939394 stdev=1.0289373747765804
0.7

gtid median=3879077022795499.0 mean=3879077022795499 stdev=1820964255420.0308
created_at_us median=1702077854638301.0 mean=1702077854638297.2 stdev=104.78494984627189
block_time_us median=0.0 mean=14.333333333333334 stdev=39.746338555537776
runnable_time_us median=21.0 mean=27.055555555555557 stdev=31.359614105173502
queued_time_us median=0.0 mean=1.1666666666666667 stdev=2.501428163498376
on_cpu_time_us median=390319.5 mean=400740.3888888889 stdev=434057.20989837125
yielding_time_us median=0.0 mean=0.4166666666666667 stdev=2.5
died_at_us median=0.0 mean=141839821620642.78 stdev=477102560371630.94
preempt_count median=0.0 mean=0.6944444444444444 stdev=0.8886408384057868
0.8

gtid median=3956042836739854.0 mean=3956042836739854 stdev=1817259339566.8562
created_at_us median=1702077874903639.0 mean=1702077874903648 stdev=82.47808282411432
block_time_us median=0.0 mean=4.357142857142857 stdev=12.915903278179549
runnable_time_us median=17.5 mean=17.88095238095238 stdev=15.413333443850998
queued_time_us median=0.0 mean=0.38095238095238093 stdev=0.5823577373595078
on_cpu_time_us median=365969.0 mean=386509.7380952381 stdev=486215.8172999782
yielding_time_us median=0.0 mean=0.023809523809523808 stdev=0.1543033499620919
died_at_us median=0.0 mean=121576991451080.1 stdev=443665629100796.25
preempt_count median=1.0 mean=0.8095238095238095 stdev=0.8621610748180847
0.9

gtid median=4030809627428656.0 mean=4030809627428656 stdev=1814495445435.6355
created_at_us median=1702077897196767.0 mean=1702077897196769.8 stdev=74.28677421112748
block_time_us median=1.5 mean=48.270833333333336 stdev=237.671303469535
runnable_time_us median=23.0 mean=66.85416666666667 stdev=251.20136786313896
queued_time_us median=0.0 mean=5.333333333333333 stdev=26.571728163381707
on_cpu_time_us median=364823.5 mean=381569.0833333333 stdev=335285.90720825264
yielding_time_us median=0.0 mean=0.22916666666666666 stdev=1.447515602140342
died_at_us median=0.0 mean=106379868956489.58 stdev=416367449568387.25
preempt_count median=1.0 mean=0.8541666666666666 stdev=0.9673298043349072
1.0

gtid median=4107775441373011 mean=4107775441373011 stdev=1811455238700.1233
created_at_us median=1702077922473422 mean=1702077922473425.8 stdev=110.82585008750912
block_time_us median=2 mean=12.631578947368421 stdev=23.53237251938226
runnable_time_us median=19 mean=24.719298245614034 stdev=24.330135917920007
queued_time_us median=0 mean=1.1578947368421053 stdev=2.218344570074484
on_cpu_time_us median=351969 mean=358297.2105263158 stdev=331103.1857042851
yielding_time_us median=0 mean=0 stdev=0.0
died_at_us median=0 mean=89583048909570.23 stdev=383447142960239.7
preempt_count median=1 mean=0.7368421052631579 stdev=0.8350858764538122
