Spawning worker threads...
Finished running worker threads.
Finished running. 17896 short tasks, 12104 long tasks ran.
== Short task stats ==
0 percentile: 8.273
25 percentile: 768718.890
50 percentile: 1510443.962
75 percentile: 2302447.158
90 percentile: 2797685.639
99 percentile: 3104159.404
99.9 percentile: 3136592.843
100 percentile: 3143579.412
== Long task stats ==
0 percentile: 1008.391
25 percentile: 780693.861
50 percentile: 1550694.852
75 percentile: 2337245.576
90 percentile: 2820894.666
99 percentile: 3110045.294
99.9 percentile: 3140537.210
100 percentile: 3144355.378
<csv>
num_short, num_long, short_0_pct, short_25_pct, short_50_pct, short_75_pct, short_90_pct, short_99_pct, short_99.9_pct, short_100_pct, long_0_pct, long_25_pct, long_50_pct, long_75_pct, long_90_pct, long_99_pct, long_99.9_pct, long_100_pct
17896, 12104, 8.273000, 768718.889500, 1510443.962000, 2302447.157750, 2797685.638500, 3104159.403600, 3136592.842655, 3143579.412000, 1008.391000, 780693.861250, 1550694.851500, 2337245.576250, 2820894.665600, 3110045.294400, 3140537.210066, 3144355.378000
</csv>
